2025-04-15 00:29:24,327 - WARNING - Compiled the loaded model, but the compiled metrics have yet to be built. `model.compile_metrics` will be empty until you train or evaluate the model.
2025-04-15 00:29:24,331 - INFO - Model loaded successfully
2025-04-15 00:29:24,331 - ERROR - Error loading model: [Errno 2] No such file or directory: 'class_info.json'
2025-04-15 00:29:24,349 - INFO - [31m[1mWARNING: This is a development server. Do not use it in a production deployment. Use a production WSGI server instead.[0m
 * Running on http://127.0.0.1:5000
2025-04-15 00:29:24,349 - INFO - [33mPress CTRL+C to quit[0m
2025-04-15 00:29:24,351 - INFO -  * Restarting with stat
2025-04-15 00:29:41,998 - WARNING - Compiled the loaded model, but the compiled metrics have yet to be built. `model.compile_metrics` will be empty until you train or evaluate the model.
2025-04-15 00:29:42,003 - INFO - Model loaded successfully
2025-04-15 00:29:42,004 - ERROR - Error loading model: [Errno 2] No such file or directory: 'class_info.json'
2025-04-15 00:29:42,011 - WARNING -  * Debugger is active!
2025-04-15 00:29:42,014 - INFO -  * Debugger PIN: 108-039-332
2025-04-15 00:32:33,948 - ERROR - Error in prediction: list index out of range
2025-04-15 00:32:33,948 - INFO - Prediction - Disease: Error in Model, Confidence: 0.0%
2025-04-15 00:32:33,948 - INFO - 127.0.0.1 - - [15/Apr/2025 00:32:33] "POST /upload HTTP/1.1" 200 -
2025-04-15 13:44:15,768 - WARNING - Compiled the loaded model, but the compiled metrics have yet to be built. `model.compile_metrics` will be empty until you train or evaluate the model.
2025-04-15 13:44:15,773 - INFO - Model loaded successfully
2025-04-15 13:44:15,773 - ERROR - Error loading model: [Errno 2] No such file or directory: 'class_info.json'
2025-04-15 13:44:15,793 - INFO - [31m[1mWARNING: This is a development server. Do not use it in a production deployment. Use a production WSGI server instead.[0m
 * Running on http://127.0.0.1:5000
2025-04-15 13:44:15,793 - INFO - [33mPress CTRL+C to quit[0m
2025-04-15 13:44:15,795 - INFO -  * Restarting with stat
2025-04-15 13:44:31,868 - WARNING - Compiled the loaded model, but the compiled metrics have yet to be built. `model.compile_metrics` will be empty until you train or evaluate the model.
2025-04-15 13:44:31,876 - INFO - Model loaded successfully
2025-04-15 13:44:31,880 - ERROR - Error loading model: [Errno 2] No such file or directory: 'class_info.json'
2025-04-15 13:44:31,885 - WARNING -  * Debugger is active!
2025-04-15 13:44:31,885 - INFO -  * Debugger PIN: 164-315-758
2025-04-15 13:44:32,105 - INFO - 127.0.0.1 - - [15/Apr/2025 13:44:32] "GET / HTTP/1.1" 200 -
2025-04-15 13:44:32,149 - INFO - 127.0.0.1 - - [15/Apr/2025 13:44:32] "[33mGET /favicon.ico HTTP/1.1[0m" 404 -
2025-04-15 13:45:00,263 - ERROR - Error in prediction: Exception encountered when calling Sequential.call().

[1mInput 0 of layer "dense" is incompatible with the layer: expected axis -1 of input shape to have value 36992, but received input with shape (1, 86528)[0m

Arguments received by Sequential.call():
  • inputs=tf.Tensor(shape=(1, 224, 224, 3), dtype=float32)
  • training=False
  • mask=None
2025-04-15 13:45:00,263 - INFO - Prediction - Disease: Error in Model, Confidence: 0.0%
2025-04-15 13:45:00,263 - INFO - 127.0.0.1 - - [15/Apr/2025 13:45:00] "POST /upload HTTP/1.1" 200 -
2025-04-15 14:47:46,945 - WARNING - Compiled the loaded model, but the compiled metrics have yet to be built. `model.compile_metrics` will be empty until you train or evaluate the model.
2025-04-15 14:47:46,949 - INFO - Model loaded successfully
2025-04-15 14:47:46,949 - ERROR - Error loading model: [Errno 2] No such file or directory: 'class_info.json'
2025-04-15 14:47:46,960 - INFO - [31m[1mWARNING: This is a development server. Do not use it in a production deployment. Use a production WSGI server instead.[0m
 * Running on http://127.0.0.1:5000
2025-04-15 14:47:46,960 - INFO - [33mPress CTRL+C to quit[0m
2025-04-15 14:47:46,961 - INFO -  * Restarting with stat
2025-04-15 14:48:01,075 - WARNING - Compiled the loaded model, but the compiled metrics have yet to be built. `model.compile_metrics` will be empty until you train or evaluate the model.
2025-04-15 14:48:01,075 - INFO - Model loaded successfully
2025-04-15 14:48:01,090 - ERROR - Error loading model: [Errno 2] No such file or directory: 'class_info.json'
2025-04-15 14:48:01,096 - WARNING -  * Debugger is active!
2025-04-15 14:48:01,097 - INFO -  * Debugger PIN: 283-474-669
2025-04-15 14:48:01,244 - INFO - 127.0.0.1 - - [15/Apr/2025 14:48:01] "GET / HTTP/1.1" 200 -
2025-04-15 14:48:01,267 - INFO - 127.0.0.1 - - [15/Apr/2025 14:48:01] "[33mGET /favicon.ico HTTP/1.1[0m" 404 -
2025-04-15 14:53:01,665 - ERROR - Error in prediction: Exception encountered when calling Sequential.call().

[1mInput 0 of layer "dense" is incompatible with the layer: expected axis -1 of input shape to have value 36992, but received input with shape (1, 86528)[0m

Arguments received by Sequential.call():
  • inputs=tf.Tensor(shape=(1, 224, 224, 3), dtype=float32)
  • training=False
  • mask=None
2025-04-15 14:53:01,681 - INFO - Prediction - Disease: Error in Model, Confidence: 0.0%
2025-04-15 14:53:01,681 - INFO - 127.0.0.1 - - [15/Apr/2025 14:53:01] "POST /upload HTTP/1.1" 200 -
2025-04-15 14:57:12,849 - INFO -  * Detected change in 'E:\\TeaXpert\\backend\\app.py', reloading
2025-04-15 14:57:13,410 - INFO -  * Restarting with stat
2025-04-15 14:57:37,887 - WARNING - Compiled the loaded model, but the compiled metrics have yet to be built. `model.compile_metrics` will be empty until you train or evaluate the model.
2025-04-15 14:57:37,890 - INFO - Model loaded successfully
2025-04-15 14:57:37,890 - ERROR - Error loading model: [Errno 2] No such file or directory: 'class_info.json'
2025-04-15 14:57:37,900 - INFO - [31m[1mWARNING: This is a development server. Do not use it in a production deployment. Use a production WSGI server instead.[0m
 * Running on http://127.0.0.1:5000
2025-04-15 14:57:37,900 - INFO - [33mPress CTRL+C to quit[0m
2025-04-15 14:57:37,901 - INFO -  * Restarting with stat
2025-04-15 14:57:52,634 - WARNING - Compiled the loaded model, but the compiled metrics have yet to be built. `model.compile_metrics` will be empty until you train or evaluate the model.
2025-04-15 14:57:52,634 - INFO - Model loaded successfully
2025-04-15 14:57:52,634 - ERROR - Error loading model: [Errno 2] No such file or directory: 'class_info.json'
2025-04-15 14:57:52,654 - WARNING -  * Debugger is active!
2025-04-15 14:57:52,656 - INFO -  * Debugger PIN: 283-474-669
2025-04-15 14:57:52,806 - INFO - 127.0.0.1 - - [15/Apr/2025 14:57:52] "[33mGET / HTTP/1.1[0m" 404 -
2025-04-15 14:58:00,785 - INFO - 127.0.0.1 - - [15/Apr/2025 14:58:00] "[33mGET / HTTP/1.1[0m" 404 -
2025-04-15 14:58:09,225 - INFO - 127.0.0.1 - - [15/Apr/2025 14:58:09] "[33mGET / HTTP/1.1[0m" 404 -
2025-04-15 14:59:35,121 - WARNING - Compiled the loaded model, but the compiled metrics have yet to be built. `model.compile_metrics` will be empty until you train or evaluate the model.
2025-04-15 14:59:35,126 - INFO - Model loaded successfully
2025-04-15 14:59:35,126 - ERROR - Error loading model: [Errno 2] No such file or directory: 'class_info.json'
2025-04-15 14:59:35,139 - INFO - [31m[1mWARNING: This is a development server. Do not use it in a production deployment. Use a production WSGI server instead.[0m
 * Running on http://127.0.0.1:5000
2025-04-15 14:59:35,139 - INFO - [33mPress CTRL+C to quit[0m
2025-04-15 14:59:35,140 - INFO -  * Restarting with stat
2025-04-15 14:59:49,976 - WARNING - Compiled the loaded model, but the compiled metrics have yet to be built. `model.compile_metrics` will be empty until you train or evaluate the model.
2025-04-15 14:59:49,980 - INFO - Model loaded successfully
2025-04-15 14:59:49,980 - ERROR - Error loading model: [Errno 2] No such file or directory: 'class_info.json'
2025-04-15 14:59:49,985 - WARNING -  * Debugger is active!
2025-04-15 14:59:49,987 - INFO -  * Debugger PIN: 283-474-669
2025-04-15 15:09:16,796 - INFO -  * Detected change in 'E:\\TeaXpert\\backend\\app.py', reloading
2025-04-15 15:09:17,317 - INFO -  * Restarting with stat
2025-04-15 15:12:25,665 - WARNING - Compiled the loaded model, but the compiled metrics have yet to be built. `model.compile_metrics` will be empty until you train or evaluate the model.
2025-04-15 15:12:25,667 - INFO - Model loaded successfully
2025-04-15 15:12:25,668 - INFO - Loaded class labels: ['Anthracnose', 'algal leaf', 'bird eye spot', 'brown blight', 'gray light', 'healthy', 'red leaf spot', 'white spot']
2025-04-15 15:12:25,668 - INFO - Loaded class indices: {'Anthracnose': 0, 'algal leaf': 1, 'bird eye spot': 2, 'brown blight': 3, 'gray light': 4, 'healthy': 5, 'red leaf spot': 6, 'white spot': 7}
2025-04-15 15:12:25,680 - INFO - [31m[1mWARNING: This is a development server. Do not use it in a production deployment. Use a production WSGI server instead.[0m
 * Running on http://127.0.0.1:5000
2025-04-15 15:12:25,680 - INFO - [33mPress CTRL+C to quit[0m
2025-04-15 15:12:25,681 - INFO -  * Restarting with stat
2025-04-15 15:12:39,763 - WARNING - Compiled the loaded model, but the compiled metrics have yet to be built. `model.compile_metrics` will be empty until you train or evaluate the model.
2025-04-15 15:12:39,779 - INFO - Model loaded successfully
2025-04-15 15:12:39,779 - INFO - Loaded class labels: ['Anthracnose', 'algal leaf', 'bird eye spot', 'brown blight', 'gray light', 'healthy', 'red leaf spot', 'white spot']
2025-04-15 15:12:39,779 - INFO - Loaded class indices: {'Anthracnose': 0, 'algal leaf': 1, 'bird eye spot': 2, 'brown blight': 3, 'gray light': 4, 'healthy': 5, 'red leaf spot': 6, 'white spot': 7}
2025-04-15 15:12:39,786 - WARNING -  * Debugger is active!
2025-04-15 15:12:39,789 - INFO -  * Debugger PIN: 283-474-669
2025-04-15 15:12:39,929 - INFO - 127.0.0.1 - - [15/Apr/2025 15:12:39] "GET / HTTP/1.1" 200 -
2025-04-15 15:13:11,574 - ERROR - Error in prediction: Exception encountered when calling Sequential.call().

[1mInput 0 of layer "dense" is incompatible with the layer: expected axis -1 of input shape to have value 36992, but received input with shape (1, 86528)[0m

Arguments received by Sequential.call():
  • inputs=tf.Tensor(shape=(1, 224, 224, 3), dtype=float32)
  • training=False
  • mask=None
2025-04-15 15:13:11,574 - INFO - Prediction - Disease: Error in Model, Confidence: 0.0%
2025-04-15 15:13:11,574 - INFO - 127.0.0.1 - - [15/Apr/2025 15:13:11] "POST /upload HTTP/1.1" 200 -
2025-04-16 10:54:10,594 - WARNING - Compiled the loaded model, but the compiled metrics have yet to be built. `model.compile_metrics` will be empty until you train or evaluate the model.
2025-04-16 10:54:10,599 - INFO - Model loaded successfully
2025-04-16 10:54:10,600 - INFO - Loaded class labels: ['Anthracnose', 'algal leaf', 'bird eye spot', 'brown blight', 'gray light', 'healthy', 'red leaf spot', 'white spot']
2025-04-16 10:54:10,600 - INFO - Loaded class indices: {'Anthracnose': 0, 'algal leaf': 1, 'bird eye spot': 2, 'brown blight': 3, 'gray light': 4, 'healthy': 5, 'red leaf spot': 6, 'white spot': 7}
2025-04-16 10:54:10,619 - INFO - [31m[1mWARNING: This is a development server. Do not use it in a production deployment. Use a production WSGI server instead.[0m
 * Running on http://127.0.0.1:5000
2025-04-16 10:54:10,620 - INFO - [33mPress CTRL+C to quit[0m
2025-04-16 10:54:10,622 - INFO -  * Restarting with stat
2025-04-16 10:54:26,030 - WARNING - Compiled the loaded model, but the compiled metrics have yet to be built. `model.compile_metrics` will be empty until you train or evaluate the model.
2025-04-16 10:54:26,035 - INFO - Model loaded successfully
2025-04-16 10:54:26,035 - INFO - Loaded class labels: ['Anthracnose', 'algal leaf', 'bird eye spot', 'brown blight', 'gray light', 'healthy', 'red leaf spot', 'white spot']
2025-04-16 10:54:26,035 - INFO - Loaded class indices: {'Anthracnose': 0, 'algal leaf': 1, 'bird eye spot': 2, 'brown blight': 3, 'gray light': 4, 'healthy': 5, 'red leaf spot': 6, 'white spot': 7}
2025-04-16 10:54:26,043 - WARNING -  * Debugger is active!
2025-04-16 10:54:26,046 - INFO -  * Debugger PIN: 283-474-669
2025-04-16 10:54:26,280 - INFO - 127.0.0.1 - - [16/Apr/2025 10:54:26] "GET / HTTP/1.1" 200 -
2025-04-16 10:54:26,327 - INFO - 127.0.0.1 - - [16/Apr/2025 10:54:26] "[33mGET /favicon.ico HTTP/1.1[0m" 404 -
2025-04-16 10:55:51,297 - ERROR - Error in prediction: Exception encountered when calling Sequential.call().

[1mInput 0 of layer "dense" is incompatible with the layer: expected axis -1 of input shape to have value 36992, but received input with shape (1, 86528)[0m

Arguments received by Sequential.call():
  • inputs=tf.Tensor(shape=(1, 224, 224, 3), dtype=float32)
  • training=False
  • mask=None
2025-04-16 10:55:51,297 - INFO - Prediction - Disease: Error in Model, Confidence: 0.0%
2025-04-16 10:55:51,297 - INFO - 127.0.0.1 - - [16/Apr/2025 10:55:51] "POST /upload HTTP/1.1" 200 -
2025-04-16 10:59:45,687 - ERROR - Error in prediction: Exception encountered when calling Sequential.call().

[1mInput 0 of layer "dense" is incompatible with the layer: expected axis -1 of input shape to have value 36992, but received input with shape (1, 86528)[0m

Arguments received by Sequential.call():
  • inputs=tf.Tensor(shape=(1, 224, 224, 3), dtype=float32)
  • training=False
  • mask=None
2025-04-16 10:59:45,687 - INFO - Prediction - Disease: Error in Model, Confidence: 0.0%
2025-04-16 10:59:45,687 - INFO - 127.0.0.1 - - [16/Apr/2025 10:59:45] "POST /upload HTTP/1.1" 200 -
2025-04-16 11:00:59,842 - ERROR - Error in prediction: Exception encountered when calling Sequential.call().

[1mInput 0 of layer "dense" is incompatible with the layer: expected axis -1 of input shape to have value 36992, but received input with shape (1, 86528)[0m

Arguments received by Sequential.call():
  • inputs=tf.Tensor(shape=(1, 224, 224, 3), dtype=float32)
  • training=False
  • mask=None
2025-04-16 11:00:59,842 - INFO - Prediction - Disease: Error in Model, Confidence: 0.0%
2025-04-16 11:00:59,842 - INFO - 127.0.0.1 - - [16/Apr/2025 11:00:59] "POST /upload HTTP/1.1" 200 -
2025-04-16 11:01:20,043 - ERROR - Error in prediction: Exception encountered when calling Sequential.call().

[1mInput 0 of layer "dense" is incompatible with the layer: expected axis -1 of input shape to have value 36992, but received input with shape (1, 86528)[0m

Arguments received by Sequential.call():
  • inputs=tf.Tensor(shape=(1, 224, 224, 3), dtype=float32)
  • training=False
  • mask=None
2025-04-16 11:01:20,043 - INFO - Prediction - Disease: Error in Model, Confidence: 0.0%
2025-04-16 11:01:20,043 - INFO - 127.0.0.1 - - [16/Apr/2025 11:01:20] "POST /upload HTTP/1.1" 200 -
2025-04-28 07:47:49,069 - WARNING - Compiled the loaded model, but the compiled metrics have yet to be built. `model.compile_metrics` will be empty until you train or evaluate the model.
2025-04-28 07:47:49,077 - INFO - Model loaded successfully
2025-04-28 07:47:49,077 - INFO - Loaded class labels: ['Anthracnose', 'algal leaf', 'bird eye spot', 'brown blight', 'gray light', 'healthy', 'red leaf spot', 'white spot']
2025-04-28 07:47:49,077 - INFO - Loaded class indices: {'Anthracnose': 0, 'algal leaf': 1, 'bird eye spot': 2, 'brown blight': 3, 'gray light': 4, 'healthy': 5, 'red leaf spot': 6, 'white spot': 7}
2025-04-28 07:47:49,128 - INFO - [31m[1mWARNING: This is a development server. Do not use it in a production deployment. Use a production WSGI server instead.[0m
 * Running on http://127.0.0.1:5000
2025-04-28 07:47:49,129 - INFO - [33mPress CTRL+C to quit[0m
2025-04-28 07:47:49,131 - INFO -  * Restarting with stat
2025-04-28 07:48:06,387 - WARNING - Compiled the loaded model, but the compiled metrics have yet to be built. `model.compile_metrics` will be empty until you train or evaluate the model.
2025-04-28 07:48:06,393 - INFO - Model loaded successfully
2025-04-28 07:48:06,393 - INFO - Loaded class labels: ['Anthracnose', 'algal leaf', 'bird eye spot', 'brown blight', 'gray light', 'healthy', 'red leaf spot', 'white spot']
2025-04-28 07:48:06,393 - INFO - Loaded class indices: {'Anthracnose': 0, 'algal leaf': 1, 'bird eye spot': 2, 'brown blight': 3, 'gray light': 4, 'healthy': 5, 'red leaf spot': 6, 'white spot': 7}
2025-04-28 07:48:06,406 - INFO - [31m[1mWARNING: This is a development server. Do not use it in a production deployment. Use a production WSGI server instead.[0m
 * Running on http://127.0.0.1:5000
2025-04-28 07:48:06,406 - INFO - [33mPress CTRL+C to quit[0m
2025-04-28 07:48:06,407 - INFO -  * Restarting with stat
2025-04-28 07:48:20,484 - WARNING - Compiled the loaded model, but the compiled metrics have yet to be built. `model.compile_metrics` will be empty until you train or evaluate the model.
2025-04-28 07:48:20,488 - INFO - Model loaded successfully
2025-04-28 07:48:20,488 - INFO - Loaded class labels: ['Anthracnose', 'algal leaf', 'bird eye spot', 'brown blight', 'gray light', 'healthy', 'red leaf spot', 'white spot']
2025-04-28 07:48:20,488 - INFO - Loaded class indices: {'Anthracnose': 0, 'algal leaf': 1, 'bird eye spot': 2, 'brown blight': 3, 'gray light': 4, 'healthy': 5, 'red leaf spot': 6, 'white spot': 7}
2025-04-28 07:48:20,493 - WARNING -  * Debugger is active!
2025-04-28 07:48:20,496 - INFO -  * Debugger PIN: 283-474-669
2025-04-28 14:02:41,562 - WARNING - Compiled the loaded model, but the compiled metrics have yet to be built. `model.compile_metrics` will be empty until you train or evaluate the model.
2025-04-28 14:02:41,567 - INFO - Model loaded successfully
2025-04-28 14:02:41,568 - INFO - Loaded class labels: ['Anthracnose', 'algal leaf', 'bird eye spot', 'brown blight', 'gray light', 'healthy', 'red leaf spot', 'white spot']
2025-04-28 14:02:41,568 - INFO - Loaded class indices: {'Anthracnose': 0, 'algal leaf': 1, 'bird eye spot': 2, 'brown blight': 3, 'gray light': 4, 'healthy': 5, 'red leaf spot': 6, 'white spot': 7}
2025-04-28 14:02:41,585 - INFO - [31m[1mWARNING: This is a development server. Do not use it in a production deployment. Use a production WSGI server instead.[0m
 * Running on http://127.0.0.1:5000
2025-04-28 14:02:41,585 - INFO - [33mPress CTRL+C to quit[0m
2025-04-28 14:02:41,587 - INFO -  * Restarting with stat
2025-04-28 14:02:44,971 - WARNING - Compiled the loaded model, but the compiled metrics have yet to be built. `model.compile_metrics` will be empty until you train or evaluate the model.
2025-04-28 14:02:44,973 - INFO - Model loaded successfully
2025-04-28 14:02:44,974 - INFO - Loaded class labels: ['Anthracnose', 'algal leaf', 'bird eye spot', 'brown blight', 'gray light', 'healthy', 'red leaf spot', 'white spot']
2025-04-28 14:02:44,974 - INFO - Loaded class indices: {'Anthracnose': 0, 'algal leaf': 1, 'bird eye spot': 2, 'brown blight': 3, 'gray light': 4, 'healthy': 5, 'red leaf spot': 6, 'white spot': 7}
2025-04-28 14:02:44,978 - WARNING -  * Debugger is active!
2025-04-28 14:02:44,980 - INFO -  * Debugger PIN: 283-474-669
2025-04-28 14:06:13,950 - ERROR - Error in prediction: Exception encountered when calling Sequential.call().

[1mInput 0 of layer "dense" is incompatible with the layer: expected axis -1 of input shape to have value 36992, but received input with shape (1, 86528)[0m

Arguments received by Sequential.call():
  • inputs=tf.Tensor(shape=(1, 224, 224, 3), dtype=float32)
  • training=False
  • mask=None
2025-04-28 14:06:13,950 - INFO - Prediction - Disease: Error in Model, Confidence: 0.0%
2025-04-28 14:06:13,954 - INFO - 127.0.0.1 - - [28/Apr/2025 14:06:13] "POST /upload HTTP/1.1" 200 -
2025-04-28 14:07:28,177 - INFO -  * Detected change in 'E:\\TeaXpert\\backend\\predict.py', reloading
2025-04-28 14:07:28,677 - INFO -  * Restarting with stat
2025-04-28 14:07:32,592 - WARNING - Compiled the loaded model, but the compiled metrics have yet to be built. `model.compile_metrics` will be empty until you train or evaluate the model.
2025-04-28 14:07:32,607 - INFO - Model loaded successfully
2025-04-28 14:07:32,607 - INFO - Loaded class labels: ['Anthracnose', 'algal leaf', 'bird eye spot', 'brown blight', 'gray light', 'healthy', 'red leaf spot', 'white spot']
2025-04-28 14:07:32,607 - INFO - Loaded class indices: {'Anthracnose': 0, 'algal leaf': 1, 'bird eye spot': 2, 'brown blight': 3, 'gray light': 4, 'healthy': 5, 'red leaf spot': 6, 'white spot': 7}
2025-04-28 14:07:32,607 - WARNING -  * Debugger is active!
2025-04-28 14:07:32,607 - INFO -  * Debugger PIN: 283-474-669
2025-04-28 14:16:51,998 - ERROR - Error in prediction: Exception encountered when calling Sequential.call().

[1mInput 0 of layer "dense" is incompatible with the layer: expected axis -1 of input shape to have value 36992, but received input with shape (1, 86528)[0m

Arguments received by Sequential.call():
  • inputs=tf.Tensor(shape=(1, 224, 224, 3), dtype=float32)
  • training=False
  • mask=None
2025-04-28 14:16:51,998 - INFO - Prediction - Disease: Error in Model, Confidence: 0.0%
2025-04-28 14:16:51,998 - INFO - 127.0.0.1 - - [28/Apr/2025 14:16:51] "POST /upload HTTP/1.1" 200 -
2025-04-28 14:17:15,256 - ERROR - Error in prediction: Exception encountered when calling Sequential.call().

[1mInput 0 of layer "dense" is incompatible with the layer: expected axis -1 of input shape to have value 36992, but received input with shape (1, 86528)[0m

Arguments received by Sequential.call():
  • inputs=tf.Tensor(shape=(1, 224, 224, 3), dtype=float32)
  • training=False
  • mask=None
2025-04-28 14:17:15,256 - INFO - Prediction - Disease: Error in Model, Confidence: 0.0%
2025-04-28 14:17:15,256 - INFO - 127.0.0.1 - - [28/Apr/2025 14:17:15] "POST /upload HTTP/1.1" 200 -
2025-04-29 19:10:19,161 - WARNING - Compiled the loaded model, but the compiled metrics have yet to be built. `model.compile_metrics` will be empty until you train or evaluate the model.
2025-04-29 19:10:19,173 - INFO - Model loaded successfully
2025-04-29 19:10:19,184 - INFO - Loaded class labels: ['Anthracnose', 'algal leaf', 'bird eye spot', 'brown blight', 'gray light', 'healthy', 'red leaf spot', 'white spot']
2025-04-29 19:10:19,185 - INFO - Loaded class indices: {'Anthracnose': 0, 'algal leaf': 1, 'bird eye spot': 2, 'brown blight': 3, 'gray light': 4, 'healthy': 5, 'red leaf spot': 6, 'white spot': 7}
2025-04-29 19:10:19,206 - INFO - [31m[1mWARNING: This is a development server. Do not use it in a production deployment. Use a production WSGI server instead.[0m
 * Running on http://127.0.0.1:5000
2025-04-29 19:10:19,206 - INFO - [33mPress CTRL+C to quit[0m
2025-04-29 19:10:19,209 - INFO -  * Restarting with stat
2025-04-29 19:10:27,630 - WARNING - Compiled the loaded model, but the compiled metrics have yet to be built. `model.compile_metrics` will be empty until you train or evaluate the model.
2025-04-29 19:10:27,641 - INFO - Model loaded successfully
2025-04-29 19:10:27,641 - INFO - Loaded class labels: ['Anthracnose', 'algal leaf', 'bird eye spot', 'brown blight', 'gray light', 'healthy', 'red leaf spot', 'white spot']
2025-04-29 19:10:27,642 - INFO - Loaded class indices: {'Anthracnose': 0, 'algal leaf': 1, 'bird eye spot': 2, 'brown blight': 3, 'gray light': 4, 'healthy': 5, 'red leaf spot': 6, 'white spot': 7}
2025-04-29 19:10:27,659 - WARNING -  * Debugger is active!
2025-04-29 19:10:27,666 - INFO -  * Debugger PIN: 640-782-757
2025-04-29 19:10:27,940 - INFO - 127.0.0.1 - - [29/Apr/2025 19:10:27] "GET / HTTP/1.1" 200 -
2025-04-29 19:10:27,980 - INFO - 127.0.0.1 - - [29/Apr/2025 19:10:27] "[33mGET /favicon.ico HTTP/1.1[0m" 404 -
2025-04-29 19:11:33,965 - ERROR - Error in prediction: Exception encountered when calling Sequential.call().

[1mInput 0 of layer "dense" is incompatible with the layer: expected axis -1 of input shape to have value 36992, but received input with shape (1, 86528)[0m

Arguments received by Sequential.call():
  • inputs=tf.Tensor(shape=(1, 224, 224, 3), dtype=float32)
  • training=False
  • mask=None
2025-04-29 19:11:33,965 - INFO - Prediction - Disease: Error in Model, Confidence: 0.0%
2025-04-29 19:11:33,965 - INFO - 127.0.0.1 - - [29/Apr/2025 19:11:33] "POST /upload HTTP/1.1" 200 -
2025-04-29 19:12:05,810 - ERROR - Error in prediction: Exception encountered when calling Sequential.call().

[1mInput 0 of layer "dense" is incompatible with the layer: expected axis -1 of input shape to have value 36992, but received input with shape (1, 86528)[0m

Arguments received by Sequential.call():
  • inputs=tf.Tensor(shape=(1, 224, 224, 3), dtype=float32)
  • training=False
  • mask=None
2025-04-29 19:12:05,810 - INFO - Prediction - Disease: Error in Model, Confidence: 0.0%
2025-04-29 19:12:05,810 - INFO - 127.0.0.1 - - [29/Apr/2025 19:12:05] "POST /upload HTTP/1.1" 200 -
